<?xml version="1.0" encoding="UTF-8"?>
<testng-results ignored="0" total="1" passed="1" failed="0" skipped="0">
  <reporter-output>
  </reporter-output>
  <suite started-at="2021-11-10T16:21:10 IST" name="Default suite" finished-at="2021-11-10T16:21:10 IST" duration-ms="82">
    <groups>
    </groups>
    <test started-at="2021-11-10T16:21:10 IST" name="Default test" finished-at="2021-11-10T16:21:10 IST" duration-ms="82">
      <class name="testscripts.Organization">
        <test-method signature="org()[pri:0, instance:testscripts.Organization@75d3a5e0]" started-at="2021-11-10T16:21:10 IST" name="org" finished-at="2021-11-10T16:21:10 IST" duration-ms="16" status="PASS">
          <reporter-output>
          </reporter-output>
        </test-method> <!-- org -->
      </class> <!-- testscripts.Organization -->
    </test> <!-- Default test -->
  </suite> <!-- Default suite -->
</testng-results>
