<?xml version="1.0" encoding="UTF-8"?>
<testng-results ignored="0" total="1" passed="1" failed="0" skipped="0">
  <reporter-output>
  </reporter-output>
  <suite started-at="2021-11-11T12:52:12 IST" name="Default suite" finished-at="2021-11-11T12:52:12 IST" duration-ms="107">
    <groups>
    </groups>
    <test started-at="2021-11-11T12:52:12 IST" name="Default test" finished-at="2021-11-11T12:52:12 IST" duration-ms="107">
      <class name="tscript.contct">
        <test-method signature="m1()[pri:0, instance:tscript.contct@76f2bbc1]" started-at="2021-11-11T12:52:12 IST" name="m1" finished-at="2021-11-11T12:52:12 IST" duration-ms="16" status="PASS">
          <reporter-output>
          </reporter-output>
        </test-method> <!-- m1 -->
      </class> <!-- tscript.contct -->
    </test> <!-- Default test -->
  </suite> <!-- Default suite -->
</testng-results>
